Reading pref.tcl

# 2025.1_2

# vsim -postsimdataflow -debugdb -c -voptargs=""+acc"" tb -do "modelsim_framework.do" -gOUTPUT_TRACE=ms.trace 
# Start time: 18:10:19 on Oct 19,2025
# ** Note: (vsim-3812) Design is being optimized...
# ** Note: (vsim-8611) Generating debug db.
# ** Warning: (vopt-10587) Some optimizations are turned off because the +acc switch is in effect. This will cause your simulation to run slowly. Please use -access/-debug to maintain needed visibility. The +acc switch would be deprecated in a future release.
# ** Note: (vopt-4301) Memory core inferred for signal 'ram' width=32, depth=1024, type=RAM at location proj/src/mem.vhd:35
# ** Note: (vsim-12126) Error and warning message counts have been restored: Errors=0, Warnings=1.
# //  Questa Sim-64
# //  Version 2025.1_2 linux_x86_64 Apr  7 2025
# //
# // Unpublished work. Copyright 2025 Siemens
# //
# // This material contains trade secrets or otherwise confidential information
# // owned by Siemens Industry Software Inc. or its affiliates (collectively,
# // "SISW"), or its licensors. Access to and use of this information is strictly
# // limited as set forth in the Customer's applicable agreements with SISW.
# //
# // This material may not be copied, distributed, or otherwise disclosed outside
# // of the Customer's facilities without the express written permission of SISW,
# // and may not be used in any way not expressly authorized by SISW.
# //
# Loading std.standard
# Loading std.textio(body)
# Loading ieee.std_logic_1164(body)
# Loading ieee.std_logic_textio(body)
# Loading std.env(body)
# Loading work.tb(mixed)#1
# Loading ieee.numeric_std(body)
# Loading work.riscv_types(body)
# Loading work.riscv_processor(rtl)#1
# Loading work.mem(rtl)#1
# Loading work.imm_gen(behavioral)#1
# Loading work.control(behavioral)#1
# Loading work.regfile(behavioral)#1
# Loading work.alu(behavioral)#1
# ** Note: (vsim-8900) Creating design debug database vsim.dbg.
# do modelsim_framework.do
# ** Warning: NUMERIC_STD.TO_INTEGER: metavalue detected, returning 0
#    Time: 0 ns  Iteration: 0  Instance: /tb/MyRiscv/DMem
# ** Warning: NUMERIC_STD.TO_INTEGER: metavalue detected, returning 0
#    Time: 0 ns  Iteration: 0  Instance: /tb/MyRiscv/u_rf
# ** Warning: NUMERIC_STD.TO_INTEGER: metavalue detected, returning 0
#    Time: 0 ns  Iteration: 0  Instance: /tb/MyRiscv/u_rf
# ** Warning: NUMERIC_STD.TO_INTEGER: metavalue detected, returning 0
#    Time: 240 ns  Iteration: 3  Instance: /tb/MyRiscv/u_rf
# ** Warning: NUMERIC_STD.TO_INTEGER: metavalue detected, returning 0
#    Time: 240 ns  Iteration: 3  Instance: /tb/MyRiscv/u_rf
# ** Warning: NUMERIC_STD.TO_INTEGER: metavalue detected, returning 0
#    Time: 260 ns  Iteration: 2  Instance: /tb/MyRiscv/u_rf
# ** Warning: NUMERIC_STD.TO_INTEGER: metavalue detected, returning 0
#    Time: 260 ns  Iteration: 2  Instance: /tb/MyRiscv/u_rf
# ** Warning: NUMERIC_STD.TO_INTEGER: metavalue detected, returning 0
#    Time: 300 ns  Iteration: 2  Instance: /tb/MyRiscv/u_rf
# ** Warning: NUMERIC_STD.TO_INTEGER: metavalue detected, returning 0
#    Time: 300 ns  Iteration: 2  Instance: /tb/MyRiscv/u_rf
# ** Note: Data structure takes 47504088 bytes of memory
#          Process time 0.01 seconds
#          stop
#    Time: 20620 ns  Iteration: 1  Instance: /tb
# Break in Process P_DUMP_STATE at /home/cjhoy/cpre3810-toolflow_new/cpre3810-toolflow/internal/testpy/tb.vhd line 150
# Stopped at /home/cjhoy/cpre3810-toolflow_new/cpre3810-toolflow/internal/testpy/tb.vhd line 150
# End time: 18:10:20 on Oct 19,2025, Elapsed time: 0:00:01
# Errors: 0, Warnings: 10
